Vivado Simulator v2023.2
Copyright 1986-2022 Xilinx, Inc. All Rights Reserved.
Copyright 2022-2023 Advanced Micro Devices, Inc. All Rights Reserved.
Running: E:/VIVARO_INSTALADOR/Vivado/2023.2/bin/unwrapped/win64.o/xelab.exe --incr --debug typical --relax --mt 2 -L xil_defaultlib -L uvm -L unisims_ver -L unimacro_ver -L secureip --snapshot SUMADOR_TB_behav xil_defaultlib.SUMADOR_TB xil_defaultlib.glbl -log elaborate.log 
Using 2 slave threads.
Starting static elaboration
Pass Through NonSizing Optimizer
WARNING: [VRFC 10-3823] variable 'Cout' might have multiple concurrent drivers [E:/PROYECTOS VIVADO/SUMADOR_DE_64BITS/SUMADOR_DE_32BITS.srcs/sources_1/new/SUMADOR_DE_64BITS.sv:53]
WARNING: [VRFC 10-3823] variable 'Cout' might have multiple concurrent drivers [E:/PROYECTOS VIVADO/SUMADOR_DE_64BITS/SUMADOR_DE_32BITS.srcs/sources_1/new/SUMADOR_DE_32BITS.sv:53]
WARNING: [VRFC 10-3823] variable 'Cout' might have multiple concurrent drivers [E:/PROYECTOS VIVADO/SUMADOR_DE_64BITS/SUMADOR_DE_32BITS.srcs/sources_1/new/SUMADOR_DE_16BITS.sv:53]
WARNING: [VRFC 10-3823] variable 'Cout' might have multiple concurrent drivers [E:/PROYECTOS VIVADO/SUMADOR_DE_64BITS/SUMADOR_DE_32BITS.srcs/sources_1/new/SUMADOR_DE_8BITS.sv:53]
WARNING: [VRFC 10-3823] variable 'Cout' might have multiple concurrent drivers [E:/PROYECTOS VIVADO/SUMADOR_DE_64BITS/SUMADOR_DE_32BITS.srcs/sources_1/new/SUMADOR_DE_4BITS.sv:59]
Completed static elaboration
Starting simulation data flow analysis
Completed simulation data flow analysis
Time Resolution for simulation is 1ps
Compiling module xil_defaultlib.SUMADOR_DE_1BIT
Compiling module xil_defaultlib.SUMADOR_DE_2BITS
Compiling module xil_defaultlib.SUMADOR_DE_4BITS
Compiling module xil_defaultlib.SUMADOR_DE_8BITS
Compiling module xil_defaultlib.SUMADOR_DE_16BITS
Compiling module xil_defaultlib.SUMADOR_DE_32BITS
Compiling module xil_defaultlib.SUMADOR_DE_64BITS
Compiling module xil_defaultlib.SUMADOR_TB
Compiling module xil_defaultlib.glbl
Built simulation snapshot SUMADOR_TB_behav
